{"C:\\Users\\bradl\\Desktop\\BCIT WINTER-SPRING 2023\\Internet-Software-Architecture-4537\\Assignment-2\\assignment2-jwt-bradmasy\\app\\app.js": {"path":"C:\\Users\\bradl\\Desktop\\BCIT WINTER-SPRING 2023\\Internet-Software-Architecture-4537\\Assignment-2\\assignment2-jwt-bradmasy\\app\\app.js","statementMap":{"0":{"start":{"line":1,"column":16},"end":{"line":1,"column":34}},"1":{"start":{"line":2,"column":12},"end":{"line":2,"column":21}},"2":{"start":{"line":3,"column":16},"end":{"line":3,"column":50}},"3":{"start":{"line":4,"column":13},"end":{"line":4,"column":44}},"4":{"start":{"line":5,"column":12},"end":{"line":5,"column":35}},"5":{"start":{"line":6,"column":12},"end":{"line":6,"column":29}},"6":{"start":{"line":7,"column":15},"end":{"line":7,"column":34}},"7":{"start":{"line":8,"column":13},"end":{"line":8,"column":28}},"8":{"start":{"line":9,"column":22},"end":{"line":9,"column":60}},"9":{"start":{"line":10,"column":25},"end":{"line":10,"column":66}},"10":{"start":{"line":11,"column":23},"end":{"line":11,"column":62}},"11":{"start":{"line":12,"column":29},"end":{"line":12,"column":74}},"12":{"start":{"line":13,"column":30},"end":{"line":13,"column":76}},"13":{"start":{"line":14,"column":18},"end":{"line":14,"column":52}},"14":{"start":{"line":16,"column":0},"end":{"line":16,"column":13}},"15":{"start":{"line":18,"column":0},"end":{"line":20,"column":4}},"16":{"start":{"line":22,"column":0},"end":{"line":22,"column":16}},"17":{"start":{"line":24,"column":17},"end":{"line":24,"column":19}},"18":{"start":{"line":25,"column":20},"end":{"line":25,"column":22}},"19":{"start":{"line":28,"column":20},"end":{"line":36,"column":1}},"20":{"start":{"line":30,"column":24},"end":{"line":30,"column":47}},"21":{"start":{"line":31,"column":17},"end":{"line":31,"column":19}},"22":{"start":{"line":33,"column":4},"end":{"line":33,"column":32}},"23":{"start":{"line":34,"column":4},"end":{"line":34,"column":32}},"24":{"start":{"line":35,"column":4},"end":{"line":35,"column":18}},"25":{"start":{"line":38,"column":20},"end":{"line":77,"column":1}},"26":{"start":{"line":40,"column":17},"end":{"line":40,"column":44}},"27":{"start":{"line":41,"column":4},"end":{"line":41,"column":24}},"28":{"start":{"line":42,"column":30},"end":{"line":42,"column":49}},"29":{"start":{"line":44,"column":30},"end":{"line":44,"column":52}},"30":{"start":{"line":45,"column":31},"end":{"line":45,"column":53}},"31":{"start":{"line":47,"column":4},"end":{"line":47,"column":35}},"32":{"start":{"line":48,"column":4},"end":{"line":48,"column":36}},"33":{"start":{"line":51,"column":4},"end":{"line":76,"column":5}},"34":{"start":{"line":53,"column":8},"end":{"line":55,"column":9}},"35":{"start":{"line":54,"column":12},"end":{"line":54,"column":89}},"36":{"start":{"line":57,"column":8},"end":{"line":59,"column":9}},"37":{"start":{"line":58,"column":12},"end":{"line":58,"column":89}},"38":{"start":{"line":61,"column":27},"end":{"line":61,"column":96}},"39":{"start":{"line":63,"column":8},"end":{"line":65,"column":9}},"40":{"start":{"line":64,"column":12},"end":{"line":64,"column":85}},"41":{"start":{"line":67,"column":8},"end":{"line":67,"column":15}},"42":{"start":{"line":71,"column":8},"end":{"line":71,"column":115}},"43":{"start":{"line":71,"column":46},"end":{"line":71,"column":115}},"44":{"start":{"line":72,"column":8},"end":{"line":72,"column":115}},"45":{"start":{"line":72,"column":46},"end":{"line":72,"column":115}},"46":{"start":{"line":74,"column":8},"end":{"line":74,"column":97}},"47":{"start":{"line":80,"column":23},"end":{"line":99,"column":1}},"48":{"start":{"line":82,"column":17},"end":{"line":82,"column":44}},"49":{"start":{"line":83,"column":30},"end":{"line":83,"column":49}},"50":{"start":{"line":85,"column":30},"end":{"line":85,"column":52}},"51":{"start":{"line":86,"column":31},"end":{"line":86,"column":53}},"52":{"start":{"line":88,"column":18},"end":{"line":88,"column":87}},"53":{"start":{"line":90,"column":4},"end":{"line":96,"column":5}},"54":{"start":{"line":92,"column":8},"end":{"line":92,"column":97}},"55":{"start":{"line":92,"column":26},"end":{"line":92,"column":97}},"56":{"start":{"line":94,"column":8},"end":{"line":94,"column":25}},"57":{"start":{"line":95,"column":8},"end":{"line":95,"column":90}},"58":{"start":{"line":98,"column":4},"end":{"line":98,"column":11}},"59":{"start":{"line":101,"column":0},"end":{"line":101,"column":30}},"60":{"start":{"line":102,"column":0},"end":{"line":102,"column":24}},"61":{"start":{"line":103,"column":0},"end":{"line":103,"column":30}},"62":{"start":{"line":105,"column":22},"end":{"line":109,"column":1}},"63":{"start":{"line":106,"column":4},"end":{"line":108,"column":5}},"64":{"start":{"line":107,"column":8},"end":{"line":107,"column":18}},"65":{"start":{"line":111,"column":0},"end":{"line":124,"column":2}},"66":{"start":{"line":113,"column":4},"end":{"line":113,"column":39}},"67":{"start":{"line":114,"column":4},"end":{"line":114,"column":36}},"68":{"start":{"line":116,"column":4},"end":{"line":116,"column":38}},"69":{"start":{"line":119,"column":4},"end":{"line":121,"column":6}},"70":{"start":{"line":126,"column":0},"end":{"line":142,"column":2}},"71":{"start":{"line":127,"column":4},"end":{"line":141,"column":9}},"72":{"start":{"line":144,"column":0},"end":{"line":196,"column":2}},"73":{"start":{"line":146,"column":19},"end":{"line":146,"column":23}},"74":{"start":{"line":147,"column":19},"end":{"line":147,"column":23}},"75":{"start":{"line":148,"column":16},"end":{"line":148,"column":20}},"76":{"start":{"line":149,"column":15},"end":{"line":149,"column":19}},"77":{"start":{"line":150,"column":16},"end":{"line":150,"column":20}},"78":{"start":{"line":151,"column":4},"end":{"line":151,"column":25}},"79":{"start":{"line":152,"column":4},"end":{"line":195,"column":5}},"80":{"start":{"line":153,"column":8},"end":{"line":153,"column":37}},"81":{"start":{"line":154,"column":8},"end":{"line":154,"column":37}},"82":{"start":{"line":155,"column":8},"end":{"line":155,"column":31}},"83":{"start":{"line":156,"column":8},"end":{"line":156,"column":30}},"84":{"start":{"line":157,"column":8},"end":{"line":157,"column":21}},"85":{"start":{"line":159,"column":8},"end":{"line":165,"column":9}},"86":{"start":{"line":164,"column":12},"end":{"line":164,"column":65}},"87":{"start":{"line":167,"column":19},"end":{"line":167,"column":41}},"88":{"start":{"line":168,"column":23},"end":{"line":168,"column":56}},"89":{"start":{"line":169,"column":8},"end":{"line":169,"column":28}},"90":{"start":{"line":170,"column":8},"end":{"line":170,"column":26}},"91":{"start":{"line":171,"column":23},"end":{"line":178,"column":9}},"92":{"start":{"line":180,"column":22},"end":{"line":182,"column":43}},"93":{"start":{"line":184,"column":8},"end":{"line":184,"column":31}},"94":{"start":{"line":185,"column":8},"end":{"line":192,"column":10}},"95":{"start":{"line":186,"column":12},"end":{"line":187,"column":33}},"96":{"start":{"line":187,"column":16},"end":{"line":187,"column":33}},"97":{"start":{"line":188,"column":12},"end":{"line":188,"column":30}},"98":{"start":{"line":190,"column":12},"end":{"line":190,"column":104}},"99":{"start":{"line":194,"column":8},"end":{"line":194,"column":90}},"100":{"start":{"line":198,"column":0},"end":{"line":247,"column":2}},"101":{"start":{"line":200,"column":21},"end":{"line":200,"column":45}},"102":{"start":{"line":202,"column":24},"end":{"line":202,"column":45}},"103":{"start":{"line":204,"column":22},"end":{"line":204,"column":26}},"104":{"start":{"line":205,"column":23},"end":{"line":205,"column":27}},"105":{"start":{"line":206,"column":4},"end":{"line":243,"column":5}},"106":{"start":{"line":207,"column":8},"end":{"line":207,"column":44}},"107":{"start":{"line":208,"column":8},"end":{"line":208,"column":45}},"108":{"start":{"line":210,"column":8},"end":{"line":235,"column":9}},"109":{"start":{"line":211,"column":12},"end":{"line":211,"column":33}},"110":{"start":{"line":212,"column":12},"end":{"line":212,"column":55}},"111":{"start":{"line":214,"column":30},"end":{"line":214,"column":34}},"112":{"start":{"line":215,"column":31},"end":{"line":215,"column":35}},"113":{"start":{"line":217,"column":12},"end":{"line":217,"column":83}},"114":{"start":{"line":218,"column":12},"end":{"line":218,"column":86}},"115":{"start":{"line":220,"column":12},"end":{"line":233,"column":13}},"116":{"start":{"line":221,"column":16},"end":{"line":223,"column":17}},"117":{"start":{"line":222,"column":20},"end":{"line":222,"column":139}},"118":{"start":{"line":225,"column":16},"end":{"line":225,"column":59}},"119":{"start":{"line":228,"column":16},"end":{"line":228,"column":33}},"120":{"start":{"line":229,"column":16},"end":{"line":232,"column":18}},"121":{"start":{"line":238,"column":8},"end":{"line":238,"column":25}},"122":{"start":{"line":239,"column":8},"end":{"line":242,"column":10}},"123":{"start":{"line":249,"column":0},"end":{"line":260,"column":2}},"124":{"start":{"line":250,"column":4},"end":{"line":250,"column":26}},"125":{"start":{"line":251,"column":4},"end":{"line":258,"column":13}},"126":{"start":{"line":259,"column":4},"end":{"line":259,"column":31}},"127":{"start":{"line":262,"column":0},"end":{"line":312,"column":2}},"128":{"start":{"line":263,"column":20},"end":{"line":263,"column":24}},"129":{"start":{"line":264,"column":20},"end":{"line":264,"column":24}},"130":{"start":{"line":266,"column":4},"end":{"line":310,"column":5}},"131":{"start":{"line":267,"column":8},"end":{"line":269,"column":9}},"132":{"start":{"line":268,"column":12},"end":{"line":268,"column":64}},"133":{"start":{"line":270,"column":8},"end":{"line":270,"column":37}},"134":{"start":{"line":271,"column":8},"end":{"line":271,"column":37}},"135":{"start":{"line":273,"column":8},"end":{"line":307,"column":10}},"136":{"start":{"line":274,"column":12},"end":{"line":274,"column":42}},"137":{"start":{"line":274,"column":23},"end":{"line":274,"column":40}},"138":{"start":{"line":276,"column":12},"end":{"line":306,"column":13}},"139":{"start":{"line":277,"column":16},"end":{"line":277,"column":87}},"140":{"start":{"line":277,"column":34},"end":{"line":277,"column":87}},"141":{"start":{"line":279,"column":40},"end":{"line":279,"column":86}},"142":{"start":{"line":281,"column":16},"end":{"line":302,"column":17}},"143":{"start":{"line":284,"column":34},"end":{"line":284,"column":55}},"144":{"start":{"line":286,"column":20},"end":{"line":292,"column":21}},"145":{"start":{"line":287,"column":24},"end":{"line":287,"column":127}},"146":{"start":{"line":288,"column":24},"end":{"line":288,"column":120}},"147":{"start":{"line":290,"column":24},"end":{"line":290,"column":114}},"148":{"start":{"line":291,"column":24},"end":{"line":291,"column":107}},"149":{"start":{"line":294,"column":40},"end":{"line":294,"column":87}},"150":{"start":{"line":296,"column":20},"end":{"line":296,"column":63}},"151":{"start":{"line":298,"column":20},"end":{"line":298,"column":125}},"152":{"start":{"line":301,"column":20},"end":{"line":301,"column":73}},"153":{"start":{"line":304,"column":16},"end":{"line":304,"column":33}},"154":{"start":{"line":305,"column":16},"end":{"line":305,"column":79}},"155":{"start":{"line":309,"column":8},"end":{"line":309,"column":67}},"156":{"start":{"line":317,"column":0},"end":{"line":339,"column":2}},"157":{"start":{"line":319,"column":21},"end":{"line":319,"column":36}},"158":{"start":{"line":320,"column":21},"end":{"line":320,"column":36}},"159":{"start":{"line":322,"column":4},"end":{"line":336,"column":6}},"160":{"start":{"line":323,"column":8},"end":{"line":323,"column":43}},"161":{"start":{"line":324,"column":8},"end":{"line":333,"column":9}},"162":{"start":{"line":325,"column":12},"end":{"line":325,"column":58}},"163":{"start":{"line":327,"column":13},"end":{"line":333,"column":9}},"164":{"start":{"line":328,"column":12},"end":{"line":328,"column":53}},"165":{"start":{"line":330,"column":31},"end":{"line":330,"column":72}},"166":{"start":{"line":331,"column":32},"end":{"line":331,"column":65}},"167":{"start":{"line":332,"column":12},"end":{"line":332,"column":48}},"168":{"start":{"line":344,"column":0},"end":{"line":369,"column":2}},"169":{"start":{"line":346,"column":4},"end":{"line":346,"column":43}},"170":{"start":{"line":347,"column":4},"end":{"line":368,"column":6}},"171":{"start":{"line":348,"column":8},"end":{"line":348,"column":43}},"172":{"start":{"line":349,"column":19},"end":{"line":349,"column":21}},"173":{"start":{"line":351,"column":8},"end":{"line":365,"column":9}},"174":{"start":{"line":352,"column":12},"end":{"line":352,"column":29}},"175":{"start":{"line":353,"column":12},"end":{"line":353,"column":48}},"176":{"start":{"line":354,"column":12},"end":{"line":354,"column":25}},"177":{"start":{"line":357,"column":12},"end":{"line":357,"column":71}},"178":{"start":{"line":358,"column":12},"end":{"line":364,"column":13}},"179":{"start":{"line":359,"column":16},"end":{"line":359,"column":29}},"180":{"start":{"line":360,"column":16},"end":{"line":360,"column":48}},"181":{"start":{"line":362,"column":16},"end":{"line":362,"column":29}},"182":{"start":{"line":363,"column":16},"end":{"line":363,"column":35}},"183":{"start":{"line":367,"column":8},"end":{"line":367,"column":38}},"184":{"start":{"line":373,"column":0},"end":{"line":391,"column":2}},"185":{"start":{"line":374,"column":18},"end":{"line":374,"column":31}},"186":{"start":{"line":375,"column":20},"end":{"line":375,"column":40}},"187":{"start":{"line":376,"column":15},"end":{"line":376,"column":49}},"188":{"start":{"line":376,"column":33},"end":{"line":376,"column":48}},"189":{"start":{"line":377,"column":18},"end":{"line":377,"column":24}},"190":{"start":{"line":379,"column":4},"end":{"line":390,"column":5}},"191":{"start":{"line":380,"column":8},"end":{"line":380,"column":38}},"192":{"start":{"line":382,"column":19},"end":{"line":382,"column":21}},"193":{"start":{"line":383,"column":8},"end":{"line":387,"column":9}},"194":{"start":{"line":384,"column":12},"end":{"line":384,"column":74}},"195":{"start":{"line":386,"column":12},"end":{"line":386,"column":46}},"196":{"start":{"line":389,"column":8},"end":{"line":389,"column":35}},"197":{"start":{"line":394,"column":0},"end":{"line":412,"column":2}},"198":{"start":{"line":396,"column":22},"end":{"line":396,"column":43}},"199":{"start":{"line":397,"column":19},"end":{"line":397,"column":27}},"200":{"start":{"line":398,"column":20},"end":{"line":402,"column":5}},"201":{"start":{"line":404,"column":16},"end":{"line":404,"column":74}},"202":{"start":{"line":406,"column":4},"end":{"line":411,"column":5}},"203":{"start":{"line":407,"column":8},"end":{"line":410,"column":10}},"204":{"start":{"line":417,"column":0},"end":{"line":426,"column":2}},"205":{"start":{"line":419,"column":4},"end":{"line":425,"column":5}},"206":{"start":{"line":420,"column":8},"end":{"line":420,"column":69}},"207":{"start":{"line":422,"column":8},"end":{"line":422,"column":25}},"208":{"start":{"line":424,"column":8},"end":{"line":424,"column":87}},"209":{"start":{"line":429,"column":0},"end":{"line":429,"column":21}}},"fnMap":{"0":{"name":"(anonymous_0)","decl":{"start":{"line":28,"column":20},"end":{"line":28,"column":21}},"loc":{"start":{"line":28,"column":38},"end":{"line":36,"column":1}},"line":28},"1":{"name":"(anonymous_1)","decl":{"start":{"line":38,"column":20},"end":{"line":38,"column":21}},"loc":{"start":{"line":38,"column":46},"end":{"line":77,"column":1}},"line":38},"2":{"name":"(anonymous_2)","decl":{"start":{"line":80,"column":23},"end":{"line":80,"column":24}},"loc":{"start":{"line":80,"column":49},"end":{"line":99,"column":1}},"line":80},"3":{"name":"(anonymous_3)","decl":{"start":{"line":105,"column":22},"end":{"line":105,"column":23}},"loc":{"start":{"line":105,"column":37},"end":{"line":109,"column":1}},"line":105},"4":{"name":"(anonymous_4)","decl":{"start":{"line":111,"column":26},"end":{"line":111,"column":27}},"loc":{"start":{"line":111,"column":46},"end":{"line":124,"column":1}},"line":111},"5":{"name":"(anonymous_5)","decl":{"start":{"line":126,"column":28},"end":{"line":126,"column":29}},"loc":{"start":{"line":126,"column":42},"end":{"line":142,"column":1}},"line":126},"6":{"name":"(anonymous_6)","decl":{"start":{"line":144,"column":29},"end":{"line":144,"column":30}},"loc":{"start":{"line":144,"column":49},"end":{"line":196,"column":1}},"line":144},"7":{"name":"(anonymous_7)","decl":{"start":{"line":185,"column":30},"end":{"line":185,"column":31}},"loc":{"start":{"line":185,"column":45},"end":{"line":192,"column":9}},"line":185},"8":{"name":"(anonymous_8)","decl":{"start":{"line":198,"column":41},"end":{"line":198,"column":42}},"loc":{"start":{"line":198,"column":55},"end":{"line":247,"column":1}},"line":198},"9":{"name":"(anonymous_9)","decl":{"start":{"line":249,"column":25},"end":{"line":249,"column":26}},"loc":{"start":{"line":249,"column":39},"end":{"line":260,"column":1}},"line":249},"10":{"name":"(anonymous_10)","decl":{"start":{"line":262,"column":26},"end":{"line":262,"column":27}},"loc":{"start":{"line":262,"column":40},"end":{"line":312,"column":1}},"line":262},"11":{"name":"(anonymous_11)","decl":{"start":{"line":273,"column":46},"end":{"line":273,"column":47}},"loc":{"start":{"line":273,"column":67},"end":{"line":307,"column":9}},"line":273},"12":{"name":"(anonymous_12)","decl":{"start":{"line":317,"column":42},"end":{"line":317,"column":43}},"loc":{"start":{"line":317,"column":56},"end":{"line":339,"column":1}},"line":317},"13":{"name":"(anonymous_13)","decl":{"start":{"line":322,"column":21},"end":{"line":322,"column":22}},"loc":{"start":{"line":322,"column":39},"end":{"line":336,"column":5}},"line":322},"14":{"name":"(anonymous_14)","decl":{"start":{"line":344,"column":41},"end":{"line":344,"column":42}},"loc":{"start":{"line":344,"column":55},"end":{"line":369,"column":1}},"line":344},"15":{"name":"(anonymous_15)","decl":{"start":{"line":347,"column":29},"end":{"line":347,"column":30}},"loc":{"start":{"line":347,"column":47},"end":{"line":368,"column":5}},"line":347},"16":{"name":"(anonymous_16)","decl":{"start":{"line":373,"column":44},"end":{"line":373,"column":45}},"loc":{"start":{"line":373,"column":64},"end":{"line":391,"column":1}},"line":373},"17":{"name":"(anonymous_17)","decl":{"start":{"line":376,"column":28},"end":{"line":376,"column":29}},"loc":{"start":{"line":376,"column":33},"end":{"line":376,"column":48}},"line":376},"18":{"name":"(anonymous_18)","decl":{"start":{"line":394,"column":60},"end":{"line":394,"column":61}},"loc":{"start":{"line":394,"column":80},"end":{"line":412,"column":1}},"line":394},"19":{"name":"(anonymous_19)","decl":{"start":{"line":417,"column":21},"end":{"line":417,"column":22}},"loc":{"start":{"line":417,"column":39},"end":{"line":426,"column":1}},"line":417}},"branchMap":{"0":{"loc":{"start":{"line":53,"column":8},"end":{"line":55,"column":9}},"type":"if","locations":[{"start":{"line":53,"column":8},"end":{"line":55,"column":9}},{"start":{},"end":{}}],"line":53},"1":{"loc":{"start":{"line":53,"column":12},"end":{"line":53,"column":62}},"type":"binary-expr","locations":[{"start":{"line":53,"column":12},"end":{"line":53,"column":30}},{"start":{"line":53,"column":34},"end":{"line":53,"column":62}}],"line":53},"2":{"loc":{"start":{"line":57,"column":8},"end":{"line":59,"column":9}},"type":"if","locations":[{"start":{"line":57,"column":8},"end":{"line":59,"column":9}},{"start":{},"end":{}}],"line":57},"3":{"loc":{"start":{"line":57,"column":12},"end":{"line":57,"column":64}},"type":"binary-expr","locations":[{"start":{"line":57,"column":12},"end":{"line":57,"column":31}},{"start":{"line":57,"column":35},"end":{"line":57,"column":64}}],"line":57},"4":{"loc":{"start":{"line":63,"column":8},"end":{"line":65,"column":9}},"type":"if","locations":[{"start":{"line":63,"column":8},"end":{"line":65,"column":9}},{"start":{},"end":{}}],"line":63},"5":{"loc":{"start":{"line":63,"column":12},"end":{"line":63,"column":51}},"type":"binary-expr","locations":[{"start":{"line":63,"column":12},"end":{"line":63,"column":23}},{"start":{"line":63,"column":27},"end":{"line":63,"column":51}}],"line":63},"6":{"loc":{"start":{"line":71,"column":8},"end":{"line":71,"column":115}},"type":"if","locations":[{"start":{"line":71,"column":8},"end":{"line":71,"column":115}},{"start":{},"end":{}}],"line":71},"7":{"loc":{"start":{"line":72,"column":8},"end":{"line":72,"column":115}},"type":"if","locations":[{"start":{"line":72,"column":8},"end":{"line":72,"column":115}},{"start":{},"end":{}}],"line":72},"8":{"loc":{"start":{"line":92,"column":8},"end":{"line":92,"column":97}},"type":"if","locations":[{"start":{"line":92,"column":8},"end":{"line":92,"column":97}},{"start":{},"end":{}}],"line":92},"9":{"loc":{"start":{"line":159,"column":8},"end":{"line":165,"column":9}},"type":"if","locations":[{"start":{"line":159,"column":8},"end":{"line":165,"column":9}},{"start":{},"end":{}}],"line":159},"10":{"loc":{"start":{"line":159,"column":12},"end":{"line":163,"column":34}},"type":"binary-expr","locations":[{"start":{"line":159,"column":12},"end":{"line":159,"column":34}},{"start":{"line":160,"column":15},"end":{"line":160,"column":37}},{"start":{"line":161,"column":15},"end":{"line":161,"column":34}},{"start":{"line":162,"column":15},"end":{"line":162,"column":33}},{"start":{"line":163,"column":15},"end":{"line":163,"column":34}}],"line":159},"11":{"loc":{"start":{"line":186,"column":12},"end":{"line":187,"column":33}},"type":"if","locations":[{"start":{"line":186,"column":12},"end":{"line":187,"column":33}},{"start":{},"end":{}}],"line":186},"12":{"loc":{"start":{"line":210,"column":8},"end":{"line":235,"column":9}},"type":"if","locations":[{"start":{"line":210,"column":8},"end":{"line":235,"column":9}},{"start":{"line":213,"column":15},"end":{"line":235,"column":9}}],"line":210},"13":{"loc":{"start":{"line":210,"column":12},"end":{"line":210,"column":61}},"type":"binary-expr","locations":[{"start":{"line":210,"column":12},"end":{"line":210,"column":34}},{"start":{"line":210,"column":38},"end":{"line":210,"column":61}}],"line":210},"14":{"loc":{"start":{"line":221,"column":16},"end":{"line":223,"column":17}},"type":"if","locations":[{"start":{"line":221,"column":16},"end":{"line":223,"column":17}},{"start":{},"end":{}}],"line":221},"15":{"loc":{"start":{"line":267,"column":8},"end":{"line":269,"column":9}},"type":"if","locations":[{"start":{"line":267,"column":8},"end":{"line":269,"column":9}},{"start":{},"end":{}}],"line":267},"16":{"loc":{"start":{"line":267,"column":12},"end":{"line":267,"column":78}},"type":"binary-expr","locations":[{"start":{"line":267,"column":12},"end":{"line":267,"column":43}},{"start":{"line":267,"column":47},"end":{"line":267,"column":78}}],"line":267},"17":{"loc":{"start":{"line":274,"column":12},"end":{"line":274,"column":42}},"type":"if","locations":[{"start":{"line":274,"column":12},"end":{"line":274,"column":42}},{"start":{},"end":{}}],"line":274},"18":{"loc":{"start":{"line":277,"column":16},"end":{"line":277,"column":87}},"type":"if","locations":[{"start":{"line":277,"column":16},"end":{"line":277,"column":87}},{"start":{},"end":{}}],"line":277},"19":{"loc":{"start":{"line":281,"column":16},"end":{"line":302,"column":17}},"type":"if","locations":[{"start":{"line":281,"column":16},"end":{"line":302,"column":17}},{"start":{"line":300,"column":23},"end":{"line":302,"column":17}}],"line":281},"20":{"loc":{"start":{"line":286,"column":20},"end":{"line":292,"column":21}},"type":"if","locations":[{"start":{"line":286,"column":20},"end":{"line":292,"column":21}},{"start":{"line":289,"column":27},"end":{"line":292,"column":21}}],"line":286},"21":{"loc":{"start":{"line":324,"column":8},"end":{"line":333,"column":9}},"type":"if","locations":[{"start":{"line":324,"column":8},"end":{"line":333,"column":9}},{"start":{"line":327,"column":13},"end":{"line":333,"column":9}}],"line":324},"22":{"loc":{"start":{"line":327,"column":13},"end":{"line":333,"column":9}},"type":"if","locations":[{"start":{"line":327,"column":13},"end":{"line":333,"column":9}},{"start":{"line":329,"column":15},"end":{"line":333,"column":9}}],"line":327},"23":{"loc":{"start":{"line":351,"column":8},"end":{"line":365,"column":9}},"type":"if","locations":[{"start":{"line":351,"column":8},"end":{"line":365,"column":9}},{"start":{"line":356,"column":13},"end":{"line":365,"column":9}}],"line":351},"24":{"loc":{"start":{"line":358,"column":12},"end":{"line":364,"column":13}},"type":"if","locations":[{"start":{"line":358,"column":12},"end":{"line":364,"column":13}},{"start":{"line":361,"column":19},"end":{"line":364,"column":13}}],"line":358},"25":{"loc":{"start":{"line":379,"column":4},"end":{"line":390,"column":5}},"type":"if","locations":[{"start":{"line":379,"column":4},"end":{"line":390,"column":5}},{"start":{"line":381,"column":11},"end":{"line":390,"column":5}}],"line":379},"26":{"loc":{"start":{"line":383,"column":8},"end":{"line":387,"column":9}},"type":"if","locations":[{"start":{"line":383,"column":8},"end":{"line":387,"column":9}},{"start":{"line":385,"column":15},"end":{"line":387,"column":9}}],"line":383},"27":{"loc":{"start":{"line":406,"column":4},"end":{"line":411,"column":5}},"type":"if","locations":[{"start":{"line":406,"column":4},"end":{"line":411,"column":5}},{"start":{},"end":{}}],"line":406}},"s":{"0":1,"1":1,"2":1,"3":1,"4":1,"5":1,"6":1,"7":1,"8":1,"9":1,"10":1,"11":1,"12":1,"13":1,"14":1,"15":1,"16":1,"17":1,"18":1,"19":1,"20":13,"21":13,"22":13,"23":13,"24":13,"25":1,"26":12,"27":12,"28":12,"29":12,"30":12,"31":12,"32":12,"33":12,"34":12,"35":2,"36":10,"37":4,"38":6,"39":5,"40":0,"41":5,"42":7,"43":1,"44":6,"45":0,"46":6,"47":1,"48":1,"49":1,"50":1,"51":1,"52":1,"53":1,"54":1,"55":1,"56":1,"57":1,"58":1,"59":1,"60":1,"61":1,"62":1,"63":4,"64":0,"65":1,"66":2,"67":2,"68":2,"69":2,"70":1,"71":0,"72":1,"73":3,"74":3,"75":3,"76":3,"77":3,"78":3,"79":3,"80":3,"81":3,"82":3,"83":3,"84":3,"85":3,"86":1,"87":2,"88":2,"89":2,"90":2,"91":2,"92":2,"93":2,"94":2,"95":2,"96":0,"97":2,"98":2,"99":1,"100":1,"101":2,"102":2,"103":2,"104":2,"105":2,"106":2,"107":2,"108":2,"109":1,"110":1,"111":1,"112":1,"113":1,"114":1,"115":1,"116":1,"117":1,"118":1,"119":1,"120":1,"121":2,"122":2,"123":1,"124":0,"125":0,"126":0,"127":1,"128":10,"129":10,"130":10,"131":10,"132":1,"133":9,"134":9,"135":9,"136":9,"137":0,"138":9,"139":9,"140":1,"141":8,"142":8,"143":8,"144":8,"145":1,"146":1,"147":7,"148":7,"149":8,"150":8,"151":8,"152":0,"153":1,"154":1,"155":1,"156":1,"157":2,"158":2,"159":2,"160":2,"161":2,"162":0,"163":2,"164":0,"165":2,"166":2,"167":2,"168":1,"169":2,"170":2,"171":2,"172":2,"173":2,"174":2,"175":2,"176":2,"177":0,"178":0,"179":0,"180":0,"181":0,"182":0,"183":2,"184":1,"185":0,"186":0,"187":0,"188":0,"189":0,"190":0,"191":0,"192":0,"193":0,"194":0,"195":0,"196":0,"197":1,"198":1,"199":1,"200":1,"201":1,"202":1,"203":0,"204":1,"205":1,"206":1,"207":1,"208":1,"209":1},"f":{"0":13,"1":12,"2":1,"3":4,"4":2,"5":0,"6":3,"7":2,"8":2,"9":0,"10":10,"11":9,"12":2,"13":2,"14":2,"15":2,"16":0,"17":0,"18":1,"19":1},"b":{"0":[2,10],"1":[12,10],"2":[4,6],"3":[10,6],"4":[0,5],"5":[5,5],"6":[1,6],"7":[0,6],"8":[1,0],"9":[1,2],"10":[3,2,2,2,2],"11":[0,2],"12":[1,1],"13":[2,2],"14":[1,0],"15":[1,9],"16":[10,9],"17":[0,9],"18":[1,8],"19":[8,0],"20":[1,7],"21":[0,2],"22":[0,2],"23":[2,0],"24":[0,0],"25":[0,0],"26":[0,0],"27":[0,1]},"_coverageSchema":"1a1c01bbd47fc00a2c39e90264f33305004495a9","hash":"7ecfd187138af9196eac39626445393793184a9b"}
,"C:\\Users\\bradl\\Desktop\\BCIT WINTER-SPRING 2023\\Internet-Software-Architecture-4537\\Assignment-2\\assignment2-jwt-bradmasy\\exceptions\\AdminAuthError.js": {"path":"C:\\Users\\bradl\\Desktop\\BCIT WINTER-SPRING 2023\\Internet-Software-Architecture-4537\\Assignment-2\\assignment2-jwt-bradmasy\\exceptions\\AdminAuthError.js","statementMap":{"0":{"start":{"line":1,"column":18},"end":{"line":1,"column":52}},"1":{"start":{"line":7,"column":8},"end":{"line":7,"column":23}},"2":{"start":{"line":8,"column":8},"end":{"line":8,"column":31}},"3":{"start":{"line":9,"column":8},"end":{"line":9,"column":29}},"4":{"start":{"line":13,"column":0},"end":{"line":13,"column":32}}},"fnMap":{"0":{"name":"(anonymous_0)","decl":{"start":{"line":6,"column":4},"end":{"line":6,"column":5}},"loc":{"start":{"line":6,"column":24},"end":{"line":10,"column":5}},"line":6}},"branchMap":{},"s":{"0":1,"1":1,"2":1,"3":1,"4":1},"f":{"0":1},"b":{},"_coverageSchema":"1a1c01bbd47fc00a2c39e90264f33305004495a9","hash":"db7daa7e00ec52fc68c3c80f764b94728ba3f6d8"}
,"C:\\Users\\bradl\\Desktop\\BCIT WINTER-SPRING 2023\\Internet-Software-Architecture-4537\\Assignment-2\\assignment2-jwt-bradmasy\\exceptions\\IllegalArgumentError.js": {"path":"C:\\Users\\bradl\\Desktop\\BCIT WINTER-SPRING 2023\\Internet-Software-Architecture-4537\\Assignment-2\\assignment2-jwt-bradmasy\\exceptions\\IllegalArgumentError.js","statementMap":{"0":{"start":{"line":1,"column":18},"end":{"line":1,"column":52}},"1":{"start":{"line":7,"column":8},"end":{"line":7,"column":23}},"2":{"start":{"line":8,"column":8},"end":{"line":8,"column":31}},"3":{"start":{"line":9,"column":8},"end":{"line":9,"column":29}},"4":{"start":{"line":13,"column":0},"end":{"line":13,"column":38}}},"fnMap":{"0":{"name":"(anonymous_0)","decl":{"start":{"line":6,"column":4},"end":{"line":6,"column":5}},"loc":{"start":{"line":6,"column":24},"end":{"line":10,"column":5}},"line":6}},"branchMap":{},"s":{"0":1,"1":2,"2":2,"3":2,"4":1},"f":{"0":2},"b":{},"_coverageSchema":"1a1c01bbd47fc00a2c39e90264f33305004495a9","hash":"cc3a459ea01505bd5f2a072acf6f724fc9c2e8d0"}
,"C:\\Users\\bradl\\Desktop\\BCIT WINTER-SPRING 2023\\Internet-Software-Architecture-4537\\Assignment-2\\assignment2-jwt-bradmasy\\exceptions\\IllegalRouteException.js": {"path":"C:\\Users\\bradl\\Desktop\\BCIT WINTER-SPRING 2023\\Internet-Software-Architecture-4537\\Assignment-2\\assignment2-jwt-bradmasy\\exceptions\\IllegalRouteException.js","statementMap":{"0":{"start":{"line":1,"column":18},"end":{"line":1,"column":52}},"1":{"start":{"line":7,"column":8},"end":{"line":7,"column":23}},"2":{"start":{"line":8,"column":8},"end":{"line":8,"column":31}},"3":{"start":{"line":9,"column":8},"end":{"line":9,"column":29}},"4":{"start":{"line":13,"column":0},"end":{"line":13,"column":39}}},"fnMap":{"0":{"name":"(anonymous_0)","decl":{"start":{"line":6,"column":4},"end":{"line":6,"column":5}},"loc":{"start":{"line":6,"column":24},"end":{"line":10,"column":5}},"line":6}},"branchMap":{},"s":{"0":1,"1":1,"2":1,"3":1,"4":1},"f":{"0":1},"b":{},"_coverageSchema":"1a1c01bbd47fc00a2c39e90264f33305004495a9","hash":"f85b295a8b79a7eaeab2a49f54aa6be57418dcb0"}
,"C:\\Users\\bradl\\Desktop\\BCIT WINTER-SPRING 2023\\Internet-Software-Architecture-4537\\Assignment-2\\assignment2-jwt-bradmasy\\exceptions\\InvalidPokeToken.js": {"path":"C:\\Users\\bradl\\Desktop\\BCIT WINTER-SPRING 2023\\Internet-Software-Architecture-4537\\Assignment-2\\assignment2-jwt-bradmasy\\exceptions\\InvalidPokeToken.js","statementMap":{"0":{"start":{"line":1,"column":18},"end":{"line":1,"column":52}},"1":{"start":{"line":7,"column":8},"end":{"line":7,"column":31}},"2":{"start":{"line":8,"column":8},"end":{"line":8,"column":29}},"3":{"start":{"line":12,"column":0},"end":{"line":12,"column":34}}},"fnMap":{"0":{"name":"(anonymous_0)","decl":{"start":{"line":6,"column":4},"end":{"line":6,"column":5}},"loc":{"start":{"line":6,"column":24},"end":{"line":9,"column":5}},"line":6}},"branchMap":{},"s":{"0":1,"1":0,"2":0,"3":1},"f":{"0":0},"b":{},"_coverageSchema":"1a1c01bbd47fc00a2c39e90264f33305004495a9","hash":"be8134235648ac8029bf02981f9089b3a80a9cdf"}
,"C:\\Users\\bradl\\Desktop\\BCIT WINTER-SPRING 2023\\Internet-Software-Architecture-4537\\Assignment-2\\assignment2-jwt-bradmasy\\exceptions\\PokeError.js": {"path":"C:\\Users\\bradl\\Desktop\\BCIT WINTER-SPRING 2023\\Internet-Software-Architecture-4537\\Assignment-2\\assignment2-jwt-bradmasy\\exceptions\\PokeError.js","statementMap":{"0":{"start":{"line":4,"column":8},"end":{"line":4,"column":23}},"1":{"start":{"line":5,"column":8},"end":{"line":5,"column":32}},"2":{"start":{"line":6,"column":8},"end":{"line":6,"column":29}},"3":{"start":{"line":9,"column":19},"end":{"line":11,"column":7}},"4":{"start":{"line":10,"column":8},"end":{"line":10,"column":34}},"5":{"start":{"line":14,"column":19},"end":{"line":16,"column":5}},"6":{"start":{"line":15,"column":8},"end":{"line":15,"column":30}},"7":{"start":{"line":20,"column":0},"end":{"line":20,"column":27}}},"fnMap":{"0":{"name":"(anonymous_0)","decl":{"start":{"line":3,"column":4},"end":{"line":3,"column":5}},"loc":{"start":{"line":3,"column":25},"end":{"line":7,"column":7}},"line":3},"1":{"name":"(anonymous_1)","decl":{"start":{"line":9,"column":19},"end":{"line":9,"column":20}},"loc":{"start":{"line":9,"column":25},"end":{"line":11,"column":7}},"line":9},"2":{"name":"(anonymous_2)","decl":{"start":{"line":14,"column":19},"end":{"line":14,"column":20}},"loc":{"start":{"line":14,"column":25},"end":{"line":16,"column":5}},"line":14}},"branchMap":{},"s":{"0":13,"1":13,"2":13,"3":13,"4":0,"5":13,"6":0,"7":1},"f":{"0":13,"1":0,"2":0},"b":{},"_coverageSchema":"1a1c01bbd47fc00a2c39e90264f33305004495a9","hash":"21b25f5175ecaff2761969a06bcfae085b3cb448"}
,"C:\\Users\\bradl\\Desktop\\BCIT WINTER-SPRING 2023\\Internet-Software-Architecture-4537\\Assignment-2\\assignment2-jwt-bradmasy\\exceptions\\pokeAuthError.js": {"path":"C:\\Users\\bradl\\Desktop\\BCIT WINTER-SPRING 2023\\Internet-Software-Architecture-4537\\Assignment-2\\assignment2-jwt-bradmasy\\exceptions\\pokeAuthError.js","statementMap":{"0":{"start":{"line":1,"column":18},"end":{"line":1,"column":52}},"1":{"start":{"line":6,"column":8},"end":{"line":6,"column":23}},"2":{"start":{"line":7,"column":8},"end":{"line":7,"column":29}},"3":{"start":{"line":11,"column":8},"end":{"line":11,"column":30}},"4":{"start":{"line":17,"column":0},"end":{"line":17,"column":31}}},"fnMap":{"0":{"name":"(anonymous_0)","decl":{"start":{"line":5,"column":4},"end":{"line":5,"column":5}},"loc":{"start":{"line":5,"column":24},"end":{"line":8,"column":5}},"line":5},"1":{"name":"(anonymous_1)","decl":{"start":{"line":10,"column":4},"end":{"line":10,"column":5}},"loc":{"start":{"line":10,"column":18},"end":{"line":12,"column":5}},"line":10}},"branchMap":{},"s":{"0":1,"1":9,"2":9,"3":0,"4":1},"f":{"0":9,"1":0},"b":{},"_coverageSchema":"1a1c01bbd47fc00a2c39e90264f33305004495a9","hash":"2b1ea43135fed7ab6d37f77b8b7991fbc4915bc1"}
,"C:\\Users\\bradl\\Desktop\\BCIT WINTER-SPRING 2023\\Internet-Software-Architecture-4537\\Assignment-2\\assignment2-jwt-bradmasy\\models\\pokemon_model.js": {"path":"C:\\Users\\bradl\\Desktop\\BCIT WINTER-SPRING 2023\\Internet-Software-Architecture-4537\\Assignment-2\\assignment2-jwt-bradmasy\\models\\pokemon_model.js","statementMap":{"0":{"start":{"line":1,"column":17},"end":{"line":1,"column":36}},"1":{"start":{"line":3,"column":22},"end":{"line":9,"column":2}},"2":{"start":{"line":11,"column":16},"end":{"line":11,"column":56}},"3":{"start":{"line":13,"column":0},"end":{"line":13,"column":25}}},"fnMap":{},"branchMap":{},"s":{"0":1,"1":1,"2":1,"3":1},"f":{},"b":{},"_coverageSchema":"1a1c01bbd47fc00a2c39e90264f33305004495a9","hash":"445f8d34764be45e23063e1a635775903bd8631a"}
,"C:\\Users\\bradl\\Desktop\\BCIT WINTER-SPRING 2023\\Internet-Software-Architecture-4537\\Assignment-2\\assignment2-jwt-bradmasy\\models\\user_model.js": {"path":"C:\\Users\\bradl\\Desktop\\BCIT WINTER-SPRING 2023\\Internet-Software-Architecture-4537\\Assignment-2\\assignment2-jwt-bradmasy\\models\\user_model.js","statementMap":{"0":{"start":{"line":1,"column":17},"end":{"line":1,"column":36}},"1":{"start":{"line":3,"column":19},"end":{"line":11,"column":23}},"2":{"start":{"line":13,"column":13},"end":{"line":13,"column":47}},"3":{"start":{"line":15,"column":0},"end":{"line":15,"column":22}}},"fnMap":{},"branchMap":{},"s":{"0":1,"1":1,"2":1,"3":1},"f":{},"b":{},"_coverageSchema":"1a1c01bbd47fc00a2c39e90264f33305004495a9","hash":"1c8980ed2719edad0c02f80928f6a16c4e27b833"}
}
