TN:
SF:app\app.js
FN:28,(anonymous_0)
FN:38,(anonymous_1)
FN:80,(anonymous_2)
FN:105,(anonymous_3)
FN:111,(anonymous_4)
FN:126,(anonymous_5)
FN:144,(anonymous_6)
FN:185,(anonymous_7)
FN:198,(anonymous_8)
FN:249,(anonymous_9)
FN:262,(anonymous_10)
FN:273,(anonymous_11)
FN:317,(anonymous_12)
FN:322,(anonymous_13)
FN:344,(anonymous_14)
FN:347,(anonymous_15)
FN:373,(anonymous_16)
FN:376,(anonymous_17)
FN:394,(anonymous_18)
FN:417,(anonymous_19)
FNF:20
FNH:16
FNDA:13,(anonymous_0)
FNDA:12,(anonymous_1)
FNDA:1,(anonymous_2)
FNDA:4,(anonymous_3)
FNDA:2,(anonymous_4)
FNDA:0,(anonymous_5)
FNDA:3,(anonymous_6)
FNDA:2,(anonymous_7)
FNDA:2,(anonymous_8)
FNDA:0,(anonymous_9)
FNDA:10,(anonymous_10)
FNDA:9,(anonymous_11)
FNDA:2,(anonymous_12)
FNDA:2,(anonymous_13)
FNDA:2,(anonymous_14)
FNDA:2,(anonymous_15)
FNDA:0,(anonymous_16)
FNDA:0,(anonymous_17)
FNDA:1,(anonymous_18)
FNDA:1,(anonymous_19)
DA:1,1
DA:2,1
DA:3,1
DA:4,1
DA:5,1
DA:6,1
DA:7,1
DA:8,1
DA:9,1
DA:10,1
DA:11,1
DA:12,1
DA:13,1
DA:14,1
DA:16,1
DA:18,1
DA:22,1
DA:24,1
DA:25,1
DA:28,1
DA:30,13
DA:31,13
DA:33,13
DA:34,13
DA:35,13
DA:38,1
DA:40,12
DA:41,12
DA:42,12
DA:44,12
DA:45,12
DA:47,12
DA:48,12
DA:51,12
DA:53,12
DA:54,2
DA:57,10
DA:58,4
DA:61,6
DA:63,5
DA:64,0
DA:67,5
DA:71,7
DA:72,6
DA:74,6
DA:80,1
DA:82,1
DA:83,1
DA:85,1
DA:86,1
DA:88,1
DA:90,1
DA:92,1
DA:94,1
DA:95,1
DA:98,1
DA:101,1
DA:102,1
DA:103,1
DA:105,1
DA:106,4
DA:107,0
DA:111,1
DA:113,2
DA:114,2
DA:116,2
DA:119,2
DA:126,1
DA:127,0
DA:144,1
DA:146,3
DA:147,3
DA:148,3
DA:149,3
DA:150,3
DA:151,3
DA:152,3
DA:153,3
DA:154,3
DA:155,3
DA:156,3
DA:157,3
DA:159,3
DA:164,1
DA:167,2
DA:168,2
DA:169,2
DA:170,2
DA:171,2
DA:180,2
DA:184,2
DA:185,2
DA:186,2
DA:187,0
DA:188,2
DA:190,2
DA:194,1
DA:198,1
DA:200,2
DA:202,2
DA:204,2
DA:205,2
DA:206,2
DA:207,2
DA:208,2
DA:210,2
DA:211,1
DA:212,1
DA:214,1
DA:215,1
DA:217,1
DA:218,1
DA:220,1
DA:221,1
DA:222,1
DA:225,1
DA:228,1
DA:229,1
DA:238,2
DA:239,2
DA:249,1
DA:250,0
DA:251,0
DA:259,0
DA:262,1
DA:263,10
DA:264,10
DA:266,10
DA:267,10
DA:268,1
DA:270,9
DA:271,9
DA:273,9
DA:274,9
DA:276,9
DA:277,9
DA:279,8
DA:281,8
DA:284,8
DA:286,8
DA:287,1
DA:288,1
DA:290,7
DA:291,7
DA:294,8
DA:296,8
DA:298,8
DA:301,0
DA:304,1
DA:305,1
DA:309,1
DA:317,1
DA:319,2
DA:320,2
DA:322,2
DA:323,2
DA:324,2
DA:325,0
DA:327,2
DA:328,0
DA:330,2
DA:331,2
DA:332,2
DA:344,1
DA:346,2
DA:347,2
DA:348,2
DA:349,2
DA:351,2
DA:352,2
DA:353,2
DA:354,2
DA:357,0
DA:358,0
DA:359,0
DA:360,0
DA:362,0
DA:363,0
DA:367,2
DA:373,1
DA:374,0
DA:375,0
DA:376,0
DA:377,0
DA:379,0
DA:380,0
DA:382,0
DA:383,0
DA:384,0
DA:386,0
DA:389,0
DA:394,1
DA:396,1
DA:397,1
DA:398,1
DA:404,1
DA:406,1
DA:407,0
DA:417,1
DA:419,1
DA:420,1
DA:422,1
DA:424,1
DA:429,1
LF:204
LH:176
BRDA:53,0,0,2
BRDA:53,0,1,10
BRDA:53,1,0,12
BRDA:53,1,1,10
BRDA:57,2,0,4
BRDA:57,2,1,6
BRDA:57,3,0,10
BRDA:57,3,1,6
BRDA:63,4,0,0
BRDA:63,4,1,5
BRDA:63,5,0,5
BRDA:63,5,1,5
BRDA:71,6,0,1
BRDA:71,6,1,6
BRDA:72,7,0,0
BRDA:72,7,1,6
BRDA:92,8,0,1
BRDA:92,8,1,0
BRDA:159,9,0,1
BRDA:159,9,1,2
BRDA:159,10,0,3
BRDA:159,10,1,2
BRDA:159,10,2,2
BRDA:159,10,3,2
BRDA:159,10,4,2
BRDA:186,11,0,0
BRDA:186,11,1,2
BRDA:210,12,0,1
BRDA:210,12,1,1
BRDA:210,13,0,2
BRDA:210,13,1,2
BRDA:221,14,0,1
BRDA:221,14,1,0
BRDA:267,15,0,1
BRDA:267,15,1,9
BRDA:267,16,0,10
BRDA:267,16,1,9
BRDA:274,17,0,0
BRDA:274,17,1,9
BRDA:277,18,0,1
BRDA:277,18,1,8
BRDA:281,19,0,8
BRDA:281,19,1,0
BRDA:286,20,0,1
BRDA:286,20,1,7
BRDA:324,21,0,0
BRDA:324,21,1,2
BRDA:327,22,0,0
BRDA:327,22,1,2
BRDA:351,23,0,2
BRDA:351,23,1,0
BRDA:358,24,0,0
BRDA:358,24,1,0
BRDA:379,25,0,0
BRDA:379,25,1,0
BRDA:383,26,0,0
BRDA:383,26,1,0
BRDA:406,27,0,0
BRDA:406,27,1,1
BRF:59
BRH:42
end_of_record
TN:
SF:exceptions\AdminAuthError.js
FN:6,(anonymous_0)
FNF:1
FNH:1
FNDA:1,(anonymous_0)
DA:1,1
DA:7,1
DA:8,1
DA:9,1
DA:13,1
LF:5
LH:5
BRF:0
BRH:0
end_of_record
TN:
SF:exceptions\IllegalArgumentError.js
FN:6,(anonymous_0)
FNF:1
FNH:1
FNDA:2,(anonymous_0)
DA:1,1
DA:7,2
DA:8,2
DA:9,2
DA:13,1
LF:5
LH:5
BRF:0
BRH:0
end_of_record
TN:
SF:exceptions\IllegalRouteException.js
FN:6,(anonymous_0)
FNF:1
FNH:1
FNDA:1,(anonymous_0)
DA:1,1
DA:7,1
DA:8,1
DA:9,1
DA:13,1
LF:5
LH:5
BRF:0
BRH:0
end_of_record
TN:
SF:exceptions\InvalidPokeToken.js
FN:6,(anonymous_0)
FNF:1
FNH:0
FNDA:0,(anonymous_0)
DA:1,1
DA:7,0
DA:8,0
DA:12,1
LF:4
LH:2
BRF:0
BRH:0
end_of_record
TN:
SF:exceptions\PokeError.js
FN:3,(anonymous_0)
FN:9,(anonymous_1)
FN:14,(anonymous_2)
FNF:3
FNH:1
FNDA:13,(anonymous_0)
FNDA:0,(anonymous_1)
FNDA:0,(anonymous_2)
DA:4,13
DA:5,13
DA:6,13
DA:9,13
DA:10,0
DA:14,13
DA:15,0
DA:20,1
LF:8
LH:6
BRF:0
BRH:0
end_of_record
TN:
SF:exceptions\pokeAuthError.js
FN:5,(anonymous_0)
FN:10,(anonymous_1)
FNF:2
FNH:1
FNDA:9,(anonymous_0)
FNDA:0,(anonymous_1)
DA:1,1
DA:6,9
DA:7,9
DA:11,0
DA:17,1
LF:5
LH:4
BRF:0
BRH:0
end_of_record
TN:
SF:models\pokemon_model.js
FNF:0
FNH:0
DA:1,1
DA:3,1
DA:11,1
DA:13,1
LF:4
LH:4
BRF:0
BRH:0
end_of_record
TN:
SF:models\user_model.js
FNF:0
FNH:0
DA:1,1
DA:3,1
DA:13,1
DA:15,1
LF:4
LH:4
BRF:0
BRH:0
end_of_record
